[ 2025-11-12 13:55:27,811 ] 16 root - INFO - \U0001f680 Starting full RFM pipeline execution...
[ 2025-11-12 13:55:27,834 ] 29 root - INFO - Entered the data ingestion component for customer segmentation
[ 2025-11-12 13:55:27,834 ] 56 root - INFO - Dataset found at: C:\RFM MODEL\RFM MODEL\data\Online Retail.xlsx (size=23742870 bytes)
[ 2025-11-12 13:57:08,247 ] 74 root - INFO - Dataset loaded successfully with shape: (541909, 8)
[ 2025-11-12 13:57:08,840 ] 82 root - INFO - After cleaning: 392692 rows remain.
[ 2025-11-12 13:57:12,374 ] 91 root - INFO - Raw dataset saved to artifacts\raw_data.csv
[ 2025-11-12 13:57:12,500 ] 95 root - INFO - Train-test split completed successfully
[ 2025-11-12 13:57:16,965 ] 99 root - INFO - Train and test datasets saved in artifacts folder
[ 2025-11-12 13:57:16,965 ] 101 root - INFO - Data ingestion process completed successfully
[ 2025-11-12 13:57:16,989 ] 21 root - INFO - \u2705 Data ingestion completed successfully.
[ 2025-11-12 13:57:16,989 ] 69 root - INFO - \U0001f4e5 Loading train and test data...
[ 2025-11-12 13:57:18,301 ] 72 root - INFO - \u2705 Train and test data loaded successfully.
[ 2025-11-12 13:57:18,301 ] 31 root - INFO - Starting RFM feature creation...
[ 2025-11-12 13:57:20,550 ] 57 root - INFO - \u2705 RFM features created successfully. Shape: (4323, 4)
[ 2025-11-12 13:57:20,560 ] 31 root - INFO - Starting RFM feature creation...
[ 2025-11-12 13:57:21,590 ] 57 root - INFO - \u2705 RFM features created successfully. Shape: (4105, 4)
[ 2025-11-12 13:57:21,604 ] 93 root - INFO - \u2705 Scaler saved at artifacts\preprocessor.pkl
[ 2025-11-12 13:57:21,626 ] 26 root - INFO - \u2705 Data transformation completed successfully.
[ 2025-11-12 13:57:21,626 ] 31 root - INFO - Starting model training for RFM clustering
[ 2025-11-12 13:57:21,685 ] 35 root - INFO - Loaded preprocessor (scaler) for RFM features
[ 2025-11-12 13:57:26,203 ] 68 root - INFO - Optimal number of clusters determined: 2
[ 2025-11-12 13:57:26,776 ] 92 root - INFO - KMeans => Silhouette: 0.975, Davies: 0.445, Calinski: 6268.085
[ 2025-11-12 13:57:28,100 ] 92 root - INFO - Agglomerative => Silhouette: 0.984, Davies: 0.132, Calinski: 4359.756
[ 2025-11-12 13:57:28,750 ] 92 root - INFO - GMM => Silhouette: 0.650, Davies: 1.111, Calinski: 629.797
[ 2025-11-12 13:57:29,420 ] 108 root - INFO - Best clustering model selected: Agglomerative
[ 2025-11-12 13:57:29,440 ] 118 root - INFO - Best model saved at: artifacts\best_model.pkl
[ 2025-11-12 13:57:29,440 ] 119 root - INFO - PCA model saved at: artifacts\pca_model.pkl
[ 2025-11-12 13:57:29,770 ] 182 root - INFO - Final RFM segmentation matrix created successfully.
[ 2025-11-12 13:57:29,832 ] 185 root - INFO - Model training and segmentation completed successfully
[ 2025-11-12 13:57:29,832 ] 31 root - INFO - \u2705 Model training completed successfully.
[ 2025-11-12 13:57:29,863 ] 38 root - INFO - \U0001f3c1 Pipeline execution finished successfully.
